<?xml version="1.0" encoding="UTF-8"?>
<!-- Generated by org.testng.reporters.JUnitXMLReporter -->
<testsuite ignored="2" hostname="Muthukumar" failures="0" tests="1" name="Default test" time="40.408" errors="0" timestamp="2023-08-13T13:05:52 IST">
  <testcase classname="com.testEvn.TC003" name="chrome" time="39.659"/>
  <testcase classname="com.testEvn.TC003" name="firefox" time="0.0">
    <ignored/>
  </testcase> <!-- firefox -->
  <testcase classname="com.testEvn.TC003" name="searchAProduct" time="0.0">
    <ignored/>
  </testcase> <!-- searchAProduct -->
</testsuite> <!-- Default test -->
