<?xml version="1.0" encoding="UTF-8"?>
<!-- Generated by org.testng.reporters.JUnitXMLReporter -->
<testsuite ignored="1" hostname="Muthukumar" failures="0" tests="1" name="ChromeTest" time="48.965" errors="0" timestamp="2023-08-13T10:56:02 IST">
  <testcase classname="com.testEvn.TC001" name="validateTheHomePage" time="0.117"/>
  <testcase classname="com.testEvn.TC001" name="searchAProduct" time="0.0">
    <ignored/>
  </testcase> <!-- searchAProduct -->
</testsuite> <!-- ChromeTest -->
