<?xml version="1.0" encoding="UTF-8"?>
<!-- Generated by org.testng.reporters.JUnitXMLReporter -->
<testsuite ignored="1" hostname="Muthukumar" failures="0" tests="3" name="Both ChromeandFirefox" time="116.778" errors="0" timestamp="2023-08-13T13:26:47 IST">
  <testcase classname="com.testEvn.TC001" name="searchAProduct" time="2.092"/>
  <testcase classname="com.testEvn.TC001" name="validateTheHomePage" time="0.075"/>
  <testcase classname="com.testEvn.TC002" name="searchAProduct" time="1.508"/>
  <testcase classname="com.testEvn.TC002" name="validateTheHomePage" time="0.0">
    <ignored/>
  </testcase> <!-- validateTheHomePage -->
</testsuite> <!-- Both ChromeandFirefox -->
