<?xml version="1.0" encoding="UTF-8"?>
<testng-results ignored="0" total="3" passed="3" failed="0" skipped="0">
  <reporter-output>
  </reporter-output>
  <suite started-at="2023-08-13T13:24:50 IST" name="ConfigeReaderTestExecution" finished-at="2023-08-13T13:26:47 IST" duration-ms="116778">
    <groups>
    </groups>
    <test started-at="2023-08-13T13:24:50 IST" name="Both ChromeandFirefox" finished-at="2023-08-13T13:26:47 IST" duration-ms="116778">
      <class name="com.testEvn.TC002">
        <test-method is-config="true" signature="setUp()[pri:0, instance:com.testEvn.TC002@25be7b63]" started-at="2023-08-13T13:25:31 IST" name="setUp" finished-at="2023-08-13T13:26:32 IST" duration-ms="61087" status="PASS">
          <reporter-output>
          </reporter-output>
        </test-method> <!-- setUp -->
        <test-method signature="searchAProduct()[pri:0, instance:com.testEvn.TC002@25be7b63]" started-at="2023-08-13T13:26:32 IST" name="searchAProduct" finished-at="2023-08-13T13:26:34 IST" duration-ms="1508" status="PASS">
          <reporter-output>
          </reporter-output>
        </test-method> <!-- searchAProduct -->
        <test-method is-config="true" signature="tearDown()[pri:0, instance:com.testEvn.TC002@25be7b63]" started-at="2023-08-13T13:26:47 IST" name="tearDown" finished-at="2023-08-13T13:26:47 IST" duration-ms="1" status="PASS">
          <reporter-output>
          </reporter-output>
        </test-method> <!-- tearDown -->
      </class> <!-- com.testEvn.TC002 -->
      <class name="com.testEvn.TC001">
        <test-method is-config="true" signature="setUp()[pri:0, instance:com.testEvn.TC001@1972e513]" started-at="2023-08-13T13:24:50 IST" name="setUp" finished-at="2023-08-13T13:25:31 IST" duration-ms="40828" status="PASS">
          <reporter-output>
          </reporter-output>
        </test-method> <!-- setUp -->
        <test-method signature="searchAProduct()[pri:0, instance:com.testEvn.TC001@1972e513]" started-at="2023-08-13T13:25:31 IST" name="searchAProduct" finished-at="2023-08-13T13:25:33 IST" duration-ms="2092" status="PASS">
          <reporter-output>
          </reporter-output>
        </test-method> <!-- searchAProduct -->
        <test-method signature="validateTheHomePage()[pri:0, instance:com.testEvn.TC001@1972e513]" started-at="2023-08-13T13:25:33 IST" name="validateTheHomePage" finished-at="2023-08-13T13:25:33 IST" duration-ms="75" status="PASS">
          <reporter-output>
          </reporter-output>
        </test-method> <!-- validateTheHomePage -->
        <test-method is-config="true" signature="tearDown()[pri:0, instance:com.testEvn.TC001@1972e513]" started-at="2023-08-13T13:26:34 IST" name="tearDown" finished-at="2023-08-13T13:26:47 IST" duration-ms="13145" status="PASS">
          <reporter-output>
          </reporter-output>
        </test-method> <!-- tearDown -->
      </class> <!-- com.testEvn.TC001 -->
    </test> <!-- Both ChromeandFirefox -->
  </suite> <!-- ConfigeReaderTestExecution -->
</testng-results>
